<?xml version="1.0" encoding="UTF-8"?>
<testng-results skipped="0" failed="0" total="1" passed="1">
  <reporter-output>
    <line>
      <![CDATA[no of rows are::5 no of column are::10]]>
    </line>
  </reporter-output>
  <suite name="Suite" duration-ms="149705" started-at="2019-10-25T04:46:57Z" finished-at="2019-10-25T04:49:26Z">
    <groups>
    </groups>
    <test name="Test" duration-ms="149705" started-at="2019-10-25T04:46:57Z" finished-at="2019-10-25T04:49:26Z">
      <class name="DriverFactory.DataDrivenFactory">
        <test-method status="PASS" signature="launchapp()[pri:0, instance:DriverFactory.DataDrivenFactory@1ae369b7]" name="launchapp" is-config="true" duration-ms="13279" started-at="2019-10-25T10:16:57Z" finished-at="2019-10-25T10:17:10Z">
          <reporter-output>
          </reporter-output>
        </test-method> <!-- launchapp -->
        <test-method status="PASS" signature="suppliercreation()[pri:0, instance:DriverFactory.DataDrivenFactory@1ae369b7]" name="suppliercreation" duration-ms="135868" started-at="2019-10-25T10:17:10Z" finished-at="2019-10-25T10:19:26Z">
          <reporter-output>
            <line>
              <![CDATA[no of rows are::5 no of column are::10]]>
            </line>
          </reporter-output>
        </test-method> <!-- suppliercreation -->
        <test-method status="PASS" signature="logout()[pri:0, instance:DriverFactory.DataDrivenFactory@1ae369b7]" name="logout" is-config="true" duration-ms="550" started-at="2019-10-25T10:19:26Z" finished-at="2019-10-25T10:19:26Z">
          <reporter-output>
          </reporter-output>
        </test-method> <!-- logout -->
      </class> <!-- DriverFactory.DataDrivenFactory -->
    </test> <!-- Test -->
  </suite> <!-- Suite -->
</testng-results>
